[00:00:18] [Server thread/WARN]: Can't keep up! Is the server overloaded? Running 4992ms or 99 ticks behind
[00:00:59] [Server thread/WARN]: Can't keep up! Is the server overloaded? Running 2147ms or 42 ticks behind
[00:01:16] [Server thread/WARN]: Can't keep up! Is the server overloaded? Running 2031ms or 40 ticks behind
[00:01:47] [Server thread/WARN]: Can't keep up! Is the server overloaded? Running 2346ms or 46 ticks behind
[00:02:04] [Server thread/WARN]: Can't keep up! Is the server overloaded? Running 2051ms or 41 ticks behind
[00:02:36] [Server thread/WARN]: Can't keep up! Is the server overloaded? Running 2005ms or 40 ticks behind
[00:02:55] [Server thread/WARN]: Can't keep up! Is the server overloaded? Running 3729ms or 74 ticks behind
[00:03:14] [Server thread/WARN]: Can't keep up! Is the server overloaded? Running 2448ms or 48 ticks behind
[00:03:34] [Server thread/WARN]: Can't keep up! Is the server overloaded? Running 5537ms or 110 ticks behind
[00:03:52] [Server thread/WARN]: Can't keep up! Is the server overloaded? Running 2583ms or 51 ticks behind
[00:04:23] [Server thread/WARN]: Can't keep up! Is the server overloaded? Running 3044ms or 60 ticks behind
[00:04:41] [Server thread/WARN]: Can't keep up! Is the server overloaded? Running 2249ms or 44 ticks behind
[00:05:13] [Server thread/WARN]: Can't keep up! Is the server overloaded? Running 2019ms or 40 ticks behind
[00:05:30] [Server thread/WARN]: Can't keep up! Is the server overloaded? Running 2019ms or 40 ticks behind
[00:05:53] [Server thread/WARN]: Can't keep up! Is the server overloaded? Running 7997ms or 159 ticks behind
[00:06:14] [Server thread/WARN]: Can't keep up! Is the server overloaded? Running 6545ms or 130 ticks behind
[00:06:34] [Server thread/WARN]: Can't keep up! Is the server overloaded? Running 4633ms or 92 ticks behind
[00:06:51] [Server thread/WARN]: Can't keep up! Is the server overloaded? Running 2415ms or 48 ticks behind
[00:07:10] [Server thread/WARN]: Can't keep up! Is the server overloaded? Running 4221ms or 84 ticks behind
[00:07:30] [Server thread/WARN]: Can't keep up! Is the server overloaded? Running 4123ms or 82 ticks behind
[00:07:47] [Server thread/WARN]: Can't keep up! Is the server overloaded? Running 2740ms or 54 ticks behind
[00:08:07] [Server thread/WARN]: Can't keep up! Is the server overloaded? Running 4382ms or 87 ticks behind
[00:08:26] [Server thread/WARN]: Can't keep up! Is the server overloaded? Running 3970ms or 79 ticks behind
[00:08:46] [Server thread/WARN]: Can't keep up! Is the server overloaded? Running 5799ms or 115 ticks behind
[00:09:06] [Server thread/WARN]: Can't keep up! Is the server overloaded? Running 4522ms or 90 ticks behind
[00:09:27] [Server thread/WARN]: Can't keep up! Is the server overloaded? Running 6538ms or 130 ticks behind
[00:09:49] [Server thread/WARN]: Can't keep up! Is the server overloaded? Running 6755ms or 135 ticks behind
[00:10:10] [Server thread/WARN]: Can't keep up! Is the server overloaded? Running 6225ms or 124 ticks behind
[00:11:00] [Server thread/WARN]: Can't keep up! Is the server overloaded? Running 2006ms or 40 ticks behind
[00:11:13] [Server thread/WARN]: Mau741 moved too quickly! -6.709326195095798,11.09101516472343,-11.8527253380106
[00:11:20] [Server thread/WARN]: Can't keep up! Is the server overloaded? Running 4883ms or 97 ticks behind
[00:14:59] [Server thread/WARN]: Can't keep up! Is the server overloaded? Running 2001ms or 40 ticks behind
[00:17:10] [Server thread/WARN]: Can't keep up! Is the server overloaded? Running 2007ms or 40 ticks behind
[00:18:39] [Server thread/WARN]: Can't keep up! Is the server overloaded? Running 2001ms or 40 ticks behind
[00:19:26] [Server thread/WARN]: Can't keep up! Is the server overloaded? Running 2001ms or 40 ticks behind
[00:23:15] [Server thread/WARN]: Can't keep up! Is the server overloaded? Running 2002ms or 40 ticks behind
[00:23:21] [Server thread/INFO]: Mau741 has completed the challenge [Sniper Duel]
[00:23:56] [Server thread/WARN]: Can't keep up! Is the server overloaded? Running 2002ms or 40 ticks behind
[00:36:46] [Server thread/WARN]: Can't keep up! Is the server overloaded? Running 2074ms or 41 ticks behind
[00:36:46] [Server thread/WARN]: Mau741 moved too quickly! 9.62187601504366,0.7531999805212024,-2.7483069201949064
[01:09:18] [Server thread/INFO]: Mau741 lost connection: Disconnected
[01:09:18] [Server thread/INFO]: Mau741 left the game
[01:09:30] [Server thread/INFO]: Tarrr lost connection: Disconnected
[01:09:30] [Server thread/INFO]: Tarrr left the game
